<?xml version="1.0" encoding="UTF-8" standalone="yes"?>
<!DOCTYPE report PUBLIC "-//JACOCO//DTD Report 1.1//EN" "report.dtd">
<report name="Test Coverage">
  <sessioninfo id="test-session" start="1640000000000" dump="1640000100000"/>
  <package name="com/example/utils">
    <class name="com/example/utils/MathUtils" sourcefilename="MathUtils.java">
      <method name="add" desc="(II)I" line="5">
        <counter type="INSTRUCTION" missed="0" covered="4"/>
        <counter type="BRANCH" missed="0" covered="0"/>
        <counter type="LINE" missed="0" covered="2"/>
        <counter type="COMPLEXITY" missed="0" covered="1"/>
        <counter type="METHOD" missed="0" covered="1"/>
      </method>
      <counter type="INSTRUCTION" missed="0" covered="20"/>
      <counter type="BRANCH" missed="0" covered="2"/>
      <counter type="LINE" missed="0" covered="10"/>
      <counter type="COMPLEXITY" missed="0" covered="3"/>
      <counter type="METHOD" missed="0" covered="3"/>
      <counter type="CLASS" missed="0" covered="1"/>
    </class>
    <sourcefile name="MathUtils.java">
      <line nr="1" mi="0" ci="2" mb="0" cb="0"/>
      <line nr="2" mi="0" ci="3" mb="0" cb="0"/>
      <line nr="3" mi="0" ci="2" mb="0" cb="0"/>
      <line nr="5" mi="0" ci="1" mb="0" cb="0"/>
      <line nr="6" mi="0" ci="3" mb="0" cb="0"/>
      <line nr="7" mi="0" ci="2" mb="0" cb="0"/>
      <line nr="9" mi="0" ci="1" mb="0" cb="0"/>
      <line nr="10" mi="0" ci="2" mb="1" cb="2"/>
      <line nr="11" mi="0" ci="2" mb="0" cb="0"/>
      <line nr="12" mi="0" ci="2" mb="0" cb="0"/>
      <counter type="INSTRUCTION" missed="0" covered="20"/>
      <counter type="BRANCH" missed="1" covered="2"/>
      <counter type="LINE" missed="0" covered="10"/>
      <counter type="COMPLEXITY" missed="0" covered="3"/>
      <counter type="METHOD" missed="0" covered="3"/>
      <counter type="CLASS" missed="0" covered="1"/>
    </sourcefile>
  </package>
  <package name="com/example/services">
    <class name="com/example/services/Calculator" sourcefilename="Calculator.java">
      <method name="calculate" desc="(I)I" line="5">
        <counter type="INSTRUCTION" missed="5" covered="8"/>
        <counter type="BRANCH" missed="2" covered="2"/>
        <counter type="LINE" missed="3" covered="3"/>
        <counter type="COMPLEXITY" missed="1" covered="1"/>
        <counter type="METHOD" missed="0" covered="1"/>
      </method>
      <counter type="INSTRUCTION" missed="5" covered="8"/>
      <counter type="BRANCH" missed="2" covered="2"/>
      <counter type="LINE" missed="3" covered="3"/>
      <counter type="COMPLEXITY" missed="1" covered="1"/>
      <counter type="METHOD" missed="0" covered="1"/>
      <counter type="CLASS" missed="0" covered="1"/>
    </class>
    <sourcefile name="Calculator.java">
      <line nr="1" mi="0" ci="1" mb="0" cb="0"/>
      <line nr="2" mi="0" ci="3" mb="1" cb="2"/>
      <line nr="3" mi="0" ci="2" mb="0" cb="0"/>
      <line nr="4" mi="0" ci="2" mb="0" cb="0"/>
      <line nr="5" mi="0" ci="2" mb="0" cb="0"/>
      <line nr="6" mi="3" ci="0" mb="2" cb="0"/>
      <line nr="7" mi="2" ci="0" mb="0" cb="0"/>
      <counter type="INSTRUCTION" missed="5" covered="10"/>
      <counter type="BRANCH" missed="2" covered="2"/>
      <counter type="LINE" missed="3" covered="4"/>
      <counter type="COMPLEXITY" missed="1" covered="1"/>
      <counter type="METHOD" missed="0" covered="1"/>
      <counter type="CLASS" missed="0" covered="1"/>
    </sourcefile>
  </package>
  <counter type="INSTRUCTION" missed="5" covered="30"/>
  <counter type="BRANCH" missed="3" covered="4"/>
  <counter type="LINE" missed="3" covered="14"/>
  <counter type="COMPLEXITY" missed="1" covered="4"/>
  <counter type="METHOD" missed="0" covered="4"/>
  <counter type="CLASS" missed="0" covered="2"/>
</report>
